<?xml version="1.0" encoding="UTF-8"?>
<!-- Generated by org.testng.reporters.JUnitReportReporter -->
<testsuite skipped="0" hostname="DESKTOP-8FI90MU" name="baseclass.frames" tests="1" failures="0" timestamp="01 Aug 2022 04:57:54 GMT" time="7.931" errors="0">
  <testcase name="tc01" time="7.931" classname="baseclass.frames"/>
</testsuite> <!-- baseclass.frames -->
