<?xml version="1.0" encoding="UTF-8"?>
<!-- Generated by org.testng.reporters.JUnitReportReporter -->
<testsuite skipped="0" hostname="DESKTOP-8FI90MU" name="baseclass.instaClass" tests="2" failures="0" timestamp="02 Aug 2022 19:04:02 GMT" time="14.373" errors="0">
  <testcase name="tc02" time="8.307" classname="baseclass.instaClass"/>
  <testcase name="tc02" time="6.066" classname="baseclass.instaClass"/>
</testsuite> <!-- baseclass.instaClass -->
