<?xml version="1.0" encoding="UTF-8"?>
<!-- Generated by org.testng.reporters.JUnitReportReporter -->
<testsuite skipped="0" hostname="DESKTOP-8FI90MU" name="testNg.Launch" tests="1" failures="0" timestamp="30 Jul 2022 17:05:04 GMT" time="8.522" errors="0">
  <testcase name="main" time="8.522" classname="testNg.Launch"/>
</testsuite> <!-- testNg.Launch -->
