<?xml version="1.0" encoding="UTF-8"?>
<!-- Generated by org.testng.reporters.JUnitReportReporter -->
<testsuite skipped="0" hostname="DESKTOP-8FI90MU" name="baseclass.Testing2" tests="2" failures="0" timestamp="01 Aug 2022 04:04:51 GMT" time="0.016" errors="0">
  <testcase name="tc01" time="0.016" classname="baseclass.Testing2"/>
  <testcase name="tc01" time="0.000" classname="baseclass.Testing2"/>
</testsuite> <!-- baseclass.Testing2 -->
